{
  "stats": {
    "suites": 2,
    "tests": 2,
    "passes": 2,
    "pending": 0,
    "failures": 0,
    "start": "2021-02-24T16:51:34.164Z",
    "end": "2021-02-24T16:53:43.460Z",
    "duration": 49937,
    "testsRegistered": 2,
    "passPercent": 100,
    "pendingPercent": 0,
    "other": 0,
    "hasOther": false,
    "skipped": 0,
    "hasSkipped": false
  },
  "results": [
    {
      "uuid": "dd9e2b7e-8937-4bd3-89c5-d60b75adb6d8",
      "title": "",
      "fullFile": "cypress/integration/Compras.feature",
      "file": "cypress/integration/Compras.feature",
      "beforeHooks": [],
      "afterHooks": [],
      "tests": [],
      "suites": [
        {
          "uuid": "8ab12882-0d88-45f2-8a65-8e1c53b83a28",
          "title": "Realiza compra no Site Automation",
          "fullFile": "",
          "file": "",
          "beforeHooks": [],
          "afterHooks": [],
          "tests": [
            {
              "title": "Visualizar o Produto \"faded Short Sleeve\"",
              "fullTitle": "Realiza compra no Site Automation Visualizar o Produto \"faded Short Sleeve\"",
              "timedOut": null,
              "duration": 24815,
              "state": "passed",
              "speed": "slow",
              "pass": true,
              "fail": false,
              "pending": false,
              "context": "[\n  {\n    \"title\": \"Screenshot\",\n    \"value\": \"screenshots/Compras.feature/Acesso ao Site Realizado.png\"\n  },\n  {\n    \"title\": \"Screenshot\",\n    \"value\": \"screenshots/Compras.feature/Busca Realizada com Sucesso.png\"\n  },\n  {\n    \"title\": \"Screenshot\",\n    \"value\": \"screenshots/Compras.feature/Produto adicionado ao carrinho com Sucesso.png\"\n  },\n  {\n    \"title\": \"Screenshot\",\n    \"value\": \"screenshots/Compras.feature/Produto Verificado e Consta no Carrinho.png\"\n  }\n]",
              "code": "const state = window.testState;\nreturn cy\n  .then(() => state.onStartScenario(scenario, indexedSteps))\n  .then(() =>\n    resolveAndRunBeforeHooks.call(this, scenario.tags, state.feature.name)\n  )\n  .then(() =>\n    indexedSteps.forEach((step) =>\n      stepTest.call(this, state, step, rowData)\n    )\n  )\n  .then(() =>\n    resolveAndRunAfterHooks.call(this, scenario.tags, state.feature.name)\n  )\n  .then(() => state.onFinishScenario(scenario));",
              "err": {},
              "uuid": "a0788e15-80fa-450a-bc48-b876ee8902fe",
              "parentUUID": "8ab12882-0d88-45f2-8a65-8e1c53b83a28",
              "isHook": false,
              "skipped": false
            }
          ],
          "suites": [],
          "passes": [
            "a0788e15-80fa-450a-bc48-b876ee8902fe"
          ],
          "failures": [],
          "pending": [],
          "skipped": [],
          "duration": 24815,
          "root": false,
          "rootEmpty": false,
          "_timeout": 2000
        }
      ],
      "passes": [],
      "failures": [],
      "pending": [],
      "skipped": [],
      "duration": 0,
      "root": true,
      "rootEmpty": true,
      "_timeout": 2000
    },
    {
      "uuid": "18928107-5681-4d1e-bff9-741e1f02d034",
      "title": "",
      "fullFile": "cypress/integration/Compras.feature",
      "file": "cypress/integration/Compras.feature",
      "beforeHooks": [],
      "afterHooks": [],
      "tests": [],
      "suites": [
        {
          "uuid": "034d146c-f49a-45c9-9ba3-95dbd7296b16",
          "title": "Realiza compra no Site Automation",
          "fullFile": "",
          "file": "",
          "beforeHooks": [],
          "afterHooks": [],
          "tests": [
            {
              "title": "Visualizar o Produto \"faded Short Sleeve\"",
              "fullTitle": "Realiza compra no Site Automation Visualizar o Produto \"faded Short Sleeve\"",
              "timedOut": null,
              "duration": 25122,
              "state": "passed",
              "speed": "slow",
              "pass": true,
              "fail": false,
              "pending": false,
              "context": "[\n  {\n    \"title\": \"Screenshot\",\n    \"value\": \"screenshots/Compras.feature/Acesso ao Site Realizado.png\"\n  },\n  {\n    \"title\": \"Screenshot\",\n    \"value\": \"screenshots/Compras.feature/Busca Realizada com Sucesso.png\"\n  },\n  {\n    \"title\": \"Screenshot\",\n    \"value\": \"screenshots/Compras.feature/Produto adicionado ao carrinho com Sucesso.png\"\n  },\n  {\n    \"title\": \"Screenshot\",\n    \"value\": \"screenshots/Compras.feature/Produto Verificado e Consta no Carrinho.png\"\n  }\n]",
              "code": "const state = window.testState;\nreturn cy\n  .then(() => state.onStartScenario(scenario, indexedSteps))\n  .then(() =>\n    resolveAndRunBeforeHooks.call(this, scenario.tags, state.feature.name)\n  )\n  .then(() =>\n    indexedSteps.forEach((step) =>\n      stepTest.call(this, state, step, rowData)\n    )\n  )\n  .then(() =>\n    resolveAndRunAfterHooks.call(this, scenario.tags, state.feature.name)\n  )\n  .then(() => state.onFinishScenario(scenario));",
              "err": {},
              "uuid": "e4731e43-09be-4cf6-8209-e7cc0aedd6bf",
              "parentUUID": "034d146c-f49a-45c9-9ba3-95dbd7296b16",
              "isHook": false,
              "skipped": false
            }
          ],
          "suites": [],
          "passes": [
            "e4731e43-09be-4cf6-8209-e7cc0aedd6bf"
          ],
          "failures": [],
          "pending": [],
          "skipped": [],
          "duration": 25122,
          "root": false,
          "rootEmpty": false,
          "_timeout": 2000
        }
      ],
      "passes": [],
      "failures": [],
      "pending": [],
      "skipped": [],
      "duration": 0,
      "root": true,
      "rootEmpty": true,
      "_timeout": 2000
    }
  ],
  "meta": {
    "mocha": {
      "version": "7.0.1"
    },
    "mochawesome": {
      "options": {
        "quiet": false,
        "reportFilename": "mochawesome",
        "saveHtml": false,
        "saveJson": true,
        "consoleReporter": "spec",
        "useInlineDiffs": false,
        "code": true
      },
      "version": "6.2.2"
    },
    "marge": {
      "options": {
        "reportDir": "cypress/report/mochawesome-report",
        "overwrite": false,
        "html": false,
        "json": true,
        "timestamp": "mmddyyyy_HHMMss",
        "reportTitle": "Report da Execucação",
        "cdn": true,
        "charts": true
      },
      "version": "5.2.0"
    }
  }
}