{
  "stats": {
    "suites": 1,
    "tests": 1,
    "passes": 1,
    "pending": 0,
    "failures": 0,
    "start": "2021-02-24T17:57:31.122Z",
    "end": "2021-02-24T17:57:50.790Z",
    "duration": 19668,
    "testsRegistered": 1,
    "passPercent": 100,
    "pendingPercent": 0,
    "other": 0,
    "hasOther": false,
    "skipped": 0,
    "hasSkipped": false
  },
  "results": [
    {
      "uuid": "78025566-b09a-4dea-9c29-00dfa55fdd24",
      "title": "",
      "fullFile": "cypress/integration/Compras.feature",
      "file": "cypress/integration/Compras.feature",
      "beforeHooks": [],
      "afterHooks": [],
      "tests": [],
      "suites": [
        {
          "uuid": "611645cc-2029-407c-bcfe-05f75a6f3f93",
          "title": "Realiza compra no Site Automation",
          "fullFile": "",
          "file": "",
          "beforeHooks": [],
          "afterHooks": [],
          "tests": [
            {
              "title": "Visualizar o Produto \"faded Short Sleeve\"",
              "fullTitle": "Realiza compra no Site Automation Visualizar o Produto \"faded Short Sleeve\"",
              "timedOut": null,
              "duration": 19565,
              "state": "passed",
              "speed": "slow",
              "pass": true,
              "fail": false,
              "pending": false,
              "context": "[\n  {\n    \"title\": \"Screenshot\",\n    \"value\": \"screenshots/Compras.feature/Acesso ao Site Realizado (1).png\"\n  },\n  {\n    \"title\": \"Screenshot\",\n    \"value\": \"screenshots/Compras.feature/Busca Realizada com Sucesso (1).png\"\n  },\n  {\n    \"title\": \"Screenshot\",\n    \"value\": \"screenshots/Compras.feature/Produto adicionado ao carrinho com Sucesso (1).png\"\n  },\n  {\n    \"title\": \"Screenshot\",\n    \"value\": \"screenshots/Compras.feature/Produto Verificado e Consta no Carrinho (1).png\"\n  }\n]",
              "code": "const state = window.testState;\nreturn cy\n  .then(() => state.onStartScenario(scenario, indexedSteps))\n  .then(() =>\n    resolveAndRunBeforeHooks.call(this, scenario.tags, state.feature.name)\n  )\n  .then(() =>\n    indexedSteps.forEach((step) =>\n      stepTest.call(this, state, step, rowData)\n    )\n  )\n  .then(() =>\n    resolveAndRunAfterHooks.call(this, scenario.tags, state.feature.name)\n  )\n  .then(() => state.onFinishScenario(scenario));",
              "err": {},
              "uuid": "65ac7b6a-c941-483f-972e-fe47cfc61473",
              "parentUUID": "611645cc-2029-407c-bcfe-05f75a6f3f93",
              "isHook": false,
              "skipped": false
            }
          ],
          "suites": [],
          "passes": [
            "65ac7b6a-c941-483f-972e-fe47cfc61473"
          ],
          "failures": [],
          "pending": [],
          "skipped": [],
          "duration": 19565,
          "root": false,
          "rootEmpty": false,
          "_timeout": 2000
        }
      ],
      "passes": [],
      "failures": [],
      "pending": [],
      "skipped": [],
      "duration": 0,
      "root": true,
      "rootEmpty": true,
      "_timeout": 2000
    }
  ],
  "meta": {
    "mocha": {
      "version": "7.0.1"
    },
    "mochawesome": {
      "options": {
        "quiet": false,
        "reportFilename": "mochawesome",
        "saveHtml": false,
        "saveJson": true,
        "consoleReporter": "spec",
        "useInlineDiffs": false,
        "code": true
      },
      "version": "6.2.2"
    },
    "marge": {
      "options": {
        "reportDir": "cypress/report/mochawesome-report",
        "overwrite": false,
        "html": false,
        "json": true,
        "timestamp": "mmddyyyy_HHMMss",
        "reportTitle": "Report da Execucação",
        "cdn": true,
        "charts": true
      },
      "version": "5.2.0"
    }
  }
}